[0.009s] Invoking command in '/home/wzy/Desktop/code/ros2/ros2_demo_1/build/lidar_pkg': CMAKE_PREFIX_PATH=/opt/ros/humble /usr/bin/cmake /home/wzy/Desktop/code/ros2/ros2_demo_1/src/lidar_pkg -DCMAKE_INSTALL_PREFIX=/home/wzy/Desktop/code/ros2/ros2_demo_1/install/lidar_pkg
[0.020s] -- Found ament_cmake: 1.3.12 (/opt/ros/humble/share/ament_cmake/cmake)
[0.115s] -- Found sensor_msgs: 4.9.0 (/opt/ros/humble/share/sensor_msgs/cmake)
[0.132s] -- Found rosidl_generator_c: 3.1.7 (/opt/ros/humble/share/rosidl_generator_c/cmake)
[0.133s] -- Found rosidl_adapter: 3.1.7 (/opt/ros/humble/share/rosidl_adapter/cmake)
[0.137s] -- Found rosidl_generator_cpp: 3.1.7 (/opt/ros/humble/share/rosidl_generator_cpp/cmake)
[0.144s] -- Using all available rosidl_typesupport_c: rosidl_typesupport_fastrtps_c;rosidl_typesupport_introspection_c
[0.151s] -- Using all available rosidl_typesupport_cpp: rosidl_typesupport_fastrtps_cpp;rosidl_typesupport_introspection_cpp
[0.194s] -- Found rclcpp: 16.0.14 (/opt/ros/humble/share/rclcpp/cmake)
[0.249s] -- Found rmw_implementation_cmake: 6.1.2 (/opt/ros/humble/share/rmw_implementation_cmake/cmake)
[0.253s] -- Found rmw_fastrtps_cpp: 6.2.8 (/opt/ros/humble/share/rmw_fastrtps_cpp/cmake)
[0.361s] -- Found OpenSSL: /usr/lib/x86_64-linux-gnu/libcrypto.so (found version "3.0.2")  
[0.383s] -- Found FastRTPS: /opt/ros/humble/include  
[0.411s] -- Using RMW implementation 'rmw_fastrtps_cpp' as default
[0.424s] -- Looking for pthread.h
[0.485s] -- Looking for pthread.h - found
[0.486s] -- Performing Test CMAKE_HAVE_LIBC_PTHREAD
[0.549s] -- Performing Test CMAKE_HAVE_LIBC_PTHREAD - Success
[0.549s] -- Found Threads: TRUE  
[0.598s] -- Found ament_lint_auto: 0.12.14 (/opt/ros/humble/share/ament_lint_auto/cmake)
[0.649s] -- Added test 'cppcheck' to perform static code analysis on C / C++ code
[0.649s] -- Configured cppcheck include dirs: 
[0.649s] -- Configured cppcheck exclude dirs and/or files: 
[0.650s] -- Added test 'lint_cmake' to check CMake code style
[0.652s] -- Added test 'uncrustify' to check C / C++ code style
[0.652s] -- Configured uncrustify additional arguments: 
[0.653s] -- Added test 'xmllint' to check XML markup files
[0.654s] -- Configuring done
[0.663s] -- Generating done
[0.666s] -- Build files have been written to: /home/wzy/Desktop/code/ros2/ros2_demo_1/build/lidar_pkg
[0.672s] Invoked command in '/home/wzy/Desktop/code/ros2/ros2_demo_1/build/lidar_pkg' returned '0': CMAKE_PREFIX_PATH=/opt/ros/humble /usr/bin/cmake /home/wzy/Desktop/code/ros2/ros2_demo_1/src/lidar_pkg -DCMAKE_INSTALL_PREFIX=/home/wzy/Desktop/code/ros2/ros2_demo_1/install/lidar_pkg
[0.674s] Invoking command in '/home/wzy/Desktop/code/ros2/ros2_demo_1/build/lidar_pkg': CMAKE_PREFIX_PATH=/opt/ros/humble /usr/bin/cmake --build /home/wzy/Desktop/code/ros2/ros2_demo_1/build/lidar_pkg -- -j2 -l2
[0.717s] [ 25%] [32mBuilding CXX object CMakeFiles/pointcloud_processor.dir/src/pointcloud_processor.cpp.o[0m
[0.720s] [ 50%] [32mBuilding CXX object CMakeFiles/virtual_lidar.dir/src/virtual_lidar.cpp.o[0m
[0.893s] [01m[K/home/wzy/Desktop/code/ros2/ros2_demo_1/src/lidar_pkg/src/virtual_lidar.cpp:2:10:[m[K [01;31m[Kfatal error: [m[Ksensor_msgs/msg/point_cloud2.hpp: No such file or directory
[0.893s]     2 | #include [01;31m[K"sensor_msgs/msg/point_cloud2.hpp"[m[K
[0.893s]       |          [01;31m[K^~~~~~~~~~~~~~~~~~~~~~~~~~~~~~~~~~[m[K
[0.895s] compilation terminated.
[0.896s] gmake[2]: *** [CMakeFiles/virtual_lidar.dir/build.make:76: CMakeFiles/virtual_lidar.dir/src/virtual_lidar.cpp.o] Error 1
[0.896s] gmake[1]: *** [CMakeFiles/Makefile2:165: CMakeFiles/virtual_lidar.dir/all] Error 2
[0.896s] gmake[1]: *** Waiting for unfinished jobs....
[0.900s] [01m[K/home/wzy/Desktop/code/ros2/ros2_demo_1/src/lidar_pkg/src/pointcloud_processor.cpp:2:10:[m[K [01;31m[Kfatal error: [m[Ksensor_msgs/msg/point_cloud2.hpp: No such file or directory
[0.901s]     2 | #include [01;31m[K"sensor_msgs/msg/point_cloud2.hpp"[m[K
[0.901s]       |          [01;31m[K^~~~~~~~~~~~~~~~~~~~~~~~~~~~~~~~~~[m[K
[0.901s] compilation terminated.
[0.904s] gmake[2]: *** [CMakeFiles/pointcloud_processor.dir/build.make:76: CMakeFiles/pointcloud_processor.dir/src/pointcloud_processor.cpp.o] Error 1
[0.905s] gmake[1]: *** [CMakeFiles/Makefile2:139: CMakeFiles/pointcloud_processor.dir/all] Error 2
[0.905s] gmake: *** [Makefile:146: all] Error 2
[0.907s] Invoked command in '/home/wzy/Desktop/code/ros2/ros2_demo_1/build/lidar_pkg' returned '2': CMAKE_PREFIX_PATH=/opt/ros/humble /usr/bin/cmake --build /home/wzy/Desktop/code/ros2/ros2_demo_1/build/lidar_pkg -- -j2 -l2
